  [1m[35m (0.1ms)[0m  [1m[34mSELECT sqlite_version(*)[0m
  ↳ bin/rails:9
  [1m[35m (1.3ms)[0m  [1m[35mCREATE TABLE "schema_migrations" ("version" varchar NOT NULL PRIMARY KEY)[0m
  ↳ bin/rails:9
  [1m[35m (1.2ms)[0m  [1m[35mCREATE TABLE "ar_internal_metadata" ("key" varchar NOT NULL PRIMARY KEY, "value" varchar, "created_at" datetime NOT NULL, "updated_at" datetime NOT NULL)[0m
  ↳ bin/rails:9
  [1m[35m (0.2ms)[0m  [1m[34mSELECT "schema_migrations"."version" FROM "schema_migrations" ORDER BY "schema_migrations"."version" ASC[0m
  ↳ bin/rails:9
Migrating to CreateCars (20181105031949)
  [1m[35m (0.1ms)[0m  [1m[36mbegin transaction[0m
  ↳ bin/rails:9
  [1m[35m (0.4ms)[0m  [1m[35mCREATE TABLE "cars" ("id" integer PRIMARY KEY AUTOINCREMENT NOT NULL, "make" varchar, "model" varchar, "year" integer, "created_at" datetime NOT NULL, "updated_at" datetime NOT NULL)[0m
  ↳ db/migrate/20181105031949_create_cars.rb:3
  [1m[36mActiveRecord::SchemaMigration Create (0.3ms)[0m  [1m[32mINSERT INTO "schema_migrations" ("version") VALUES (?)[0m  [["version", "20181105031949"]]
  ↳ bin/rails:9
  [1m[35m (1.0ms)[0m  [1m[36mcommit transaction[0m
  ↳ bin/rails:9
  [1m[36mActiveRecord::InternalMetadata Load (1.0ms)[0m  [1m[34mSELECT  "ar_internal_metadata".* FROM "ar_internal_metadata" WHERE "ar_internal_metadata"."key" = ? LIMIT ?[0m  [["key", "environment"], ["LIMIT", 1]]
  ↳ bin/rails:9
  [1m[35m (0.1ms)[0m  [1m[36mbegin transaction[0m
  ↳ bin/rails:9
  [1m[36mActiveRecord::InternalMetadata Create (2.2ms)[0m  [1m[32mINSERT INTO "ar_internal_metadata" ("key", "value", "created_at", "updated_at") VALUES (?, ?, ?, ?)[0m  [["key", "environment"], ["value", "development"], ["created_at", "2018-11-05 03:19:54.072197"], ["updated_at", "2018-11-05 03:19:54.072197"]]
  ↳ bin/rails:9
  [1m[35m (1.4ms)[0m  [1m[36mcommit transaction[0m
  ↳ bin/rails:9
  [1m[35m (0.2ms)[0m  [1m[34mSELECT "schema_migrations"."version" FROM "schema_migrations" ORDER BY "schema_migrations"."version" ASC[0m
  ↳ bin/rails:9
Started GET "/cars" for 127.0.0.1 at 2018-11-04 22:20:02 -0500
  [1m[35m (0.1ms)[0m  [1m[34mSELECT "schema_migrations"."version" FROM "schema_migrations" ORDER BY "schema_migrations"."version" ASC[0m
  ↳ /Library/Ruby/Gems/2.3.0/gems/activerecord-5.2.1/lib/active_record/log_subscriber.rb:98
Processing by CarsController#index as HTML
  Rendering cars/index.html.erb within layouts/application
  [1m[36mCar Load (0.2ms)[0m  [1m[34mSELECT "cars".* FROM "cars"[0m
  ↳ app/views/cars/index.html.erb:16
  Rendered cars/index.html.erb within layouts/application (12.7ms)
Completed 200 OK in 838ms (Views: 801.4ms | ActiveRecord: 4.8ms)


Started GET "/cars/new" for 127.0.0.1 at 2018-11-04 22:20:05 -0500
Processing by CarsController#new as HTML
  Rendering cars/new.html.erb within layouts/application
  Rendered cars/_form.html.erb (54.9ms)
  Rendered cars/new.html.erb within layouts/application (59.2ms)
Completed 200 OK in 126ms (Views: 109.7ms | ActiveRecord: 0.7ms)


Started POST "/cars" for 127.0.0.1 at 2018-11-04 22:20:12 -0500
Processing by CarsController#create as HTML
  Parameters: {"utf8"=>"✓", "authenticity_token"=>"iXwSJ5FXMMle1p0pUDLgaAZeRitmypNadu+PaxuRGNpwCbViYembCZM+SpjBChQFnL+khOMmX6II/tyU/R9kUA==", "car"=>{"make"=>"j", "model"=>"j", "year"=>"8"}, "commit"=>"Create Car"}
  [1m[35m (0.1ms)[0m  [1m[36mbegin transaction[0m
  ↳ app/controllers/cars_controller.rb:30
  [1m[36mCar Create (0.8ms)[0m  [1m[32mINSERT INTO "cars" ("make", "model", "year", "created_at", "updated_at") VALUES (?, ?, ?, ?, ?)[0m  [["make", "j"], ["model", "j"], ["year", 8], ["created_at", "2018-11-05 03:20:12.331878"], ["updated_at", "2018-11-05 03:20:12.331878"]]
  ↳ app/controllers/cars_controller.rb:30
  [1m[35m (2.6ms)[0m  [1m[36mcommit transaction[0m
  ↳ app/controllers/cars_controller.rb:30
Redirected to http://localhost:3000/cars/1
Completed 302 Found in 12ms (ActiveRecord: 3.5ms)


Started GET "/cars/1" for 127.0.0.1 at 2018-11-04 22:20:12 -0500
Processing by CarsController#show as HTML
  Parameters: {"id"=>"1"}
  [1m[36mCar Load (0.2ms)[0m  [1m[34mSELECT  "cars".* FROM "cars" WHERE "cars"."id" = ? LIMIT ?[0m  [["id", 1], ["LIMIT", 1]]
  ↳ app/controllers/cars_controller.rb:67
  Rendering cars/show.html.erb within layouts/application
  Rendered cars/show.html.erb within layouts/application (1.1ms)
Completed 200 OK in 39ms (Views: 26.4ms | ActiveRecord: 0.2ms)


Started GET "/cars" for 127.0.0.1 at 2018-11-04 22:20:14 -0500
Processing by CarsController#index as HTML
  Rendering cars/index.html.erb within layouts/application
  [1m[36mCar Load (0.2ms)[0m  [1m[34mSELECT "cars".* FROM "cars"[0m
  ↳ app/views/cars/index.html.erb:16
  Rendered cars/index.html.erb within layouts/application (2.2ms)
Completed 200 OK in 96ms (Views: 92.4ms | ActiveRecord: 0.2ms)


Started GET "/cars/1" for 127.0.0.1 at 2018-11-04 22:20:17 -0500
Processing by CarsController#show as HTML
  Parameters: {"id"=>"1"}
  [1m[36mCar Load (0.2ms)[0m  [1m[34mSELECT  "cars".* FROM "cars" WHERE "cars"."id" = ? LIMIT ?[0m  [["id", 1], ["LIMIT", 1]]
  ↳ app/controllers/cars_controller.rb:67
  Rendering cars/show.html.erb within layouts/application
  Rendered cars/show.html.erb within layouts/application (0.9ms)
Completed 200 OK in 67ms (Views: 62.1ms | ActiveRecord: 0.2ms)


Started GET "/cars" for 127.0.0.1 at 2018-11-04 22:20:18 -0500
Processing by CarsController#index as HTML
  Rendering cars/index.html.erb within layouts/application
  [1m[36mCar Load (0.4ms)[0m  [1m[34mSELECT "cars".* FROM "cars"[0m
  ↳ app/views/cars/index.html.erb:16
  Rendered cars/index.html.erb within layouts/application (3.1ms)
Completed 200 OK in 80ms (Views: 74.8ms | ActiveRecord: 0.4ms)


Started GET "/cars" for 127.0.0.1 at 2018-11-24 18:33:47 -0500
  [1m[35m (0.5ms)[0m  [1m[34mSELECT "schema_migrations"."version" FROM "schema_migrations" ORDER BY "schema_migrations"."version" ASC[0m
  ↳ /Library/Ruby/Gems/2.3.0/gems/activerecord-5.2.1/lib/active_record/log_subscriber.rb:98
Processing by CarsController#index as HTML
  Rendering cars/index.html.erb within layouts/application
  [1m[36mCar Load (0.4ms)[0m  [1m[34mSELECT "cars".* FROM "cars"[0m
  ↳ app/views/cars/index.html.erb:16
  Rendered cars/index.html.erb within layouts/application (16.0ms)
Completed 200 OK in 312ms (Views: 285.9ms | ActiveRecord: 1.9ms)


Started DELETE "/cars/1" for 127.0.0.1 at 2018-11-24 18:33:52 -0500
Processing by CarsController#destroy as HTML
  Parameters: {"authenticity_token"=>"gJJHy1kg7JUUkjXkC07jCe6qE5K0aXjXMV8HunwjkVjLyHr1ALuT/IQ2u4W9x2FrDAxl+3R3IhPndsIOm7MBfA==", "id"=>"1"}
  [1m[36mCar Load (0.2ms)[0m  [1m[34mSELECT  "cars".* FROM "cars" WHERE "cars"."id" = ? LIMIT ?[0m  [["id", 1], ["LIMIT", 1]]
  ↳ app/controllers/cars_controller.rb:67
  [1m[35m (0.1ms)[0m  [1m[36mbegin transaction[0m
  ↳ app/controllers/cars_controller.rb:57
  [1m[36mCar Destroy (0.4ms)[0m  [1m[31mDELETE FROM "cars" WHERE "cars"."id" = ?[0m  [["id", 1]]
  ↳ app/controllers/cars_controller.rb:57
  [1m[35m (0.9ms)[0m  [1m[36mcommit transaction[0m
  ↳ app/controllers/cars_controller.rb:57
Redirected to http://localhost:3000/cars
Completed 302 Found in 9ms (ActiveRecord: 1.6ms)


Started GET "/cars" for 127.0.0.1 at 2018-11-24 18:33:52 -0500
Processing by CarsController#index as HTML
  Rendering cars/index.html.erb within layouts/application
  [1m[36mCar Load (0.2ms)[0m  [1m[34mSELECT "cars".* FROM "cars"[0m
  ↳ app/views/cars/index.html.erb:16
  Rendered cars/index.html.erb within layouts/application (1.4ms)
Completed 200 OK in 29ms (Views: 23.4ms | ActiveRecord: 0.2ms)


Started GET "/cars" for 127.0.0.1 at 2018-11-24 18:37:02 -0500
  [1m[35m (0.1ms)[0m  [1m[34mSELECT "schema_migrations"."version" FROM "schema_migrations" ORDER BY "schema_migrations"."version" ASC[0m
  ↳ /Library/Ruby/Gems/2.3.0/gems/activerecord-5.2.1/lib/active_record/log_subscriber.rb:98
Processing by CarsController#index as HTML
  Rendering cars/index.html.erb within layouts/application
  [1m[36mCar Load (0.2ms)[0m  [1m[34mSELECT "cars".* FROM "cars"[0m
  ↳ app/views/cars/index.html.erb:16
  Rendered cars/index.html.erb within layouts/application (3.6ms)
Completed 200 OK in 430ms (Views: 397.8ms | ActiveRecord: 0.5ms)


